{
  "start": "2024-06-03T17:29:43.232Z",
  "end": "2024-06-03T17:29:52.786Z",
  "capabilities": {
    "platformName": "Android",
    "deviceName": "emulator-5554",
    "platformVersion": "14",
    "automationName": "UiAutomator2",
    "app": "/Users/muraligunnam/wdio-mobile-tests/apps/android/SauceLabs.apk",
    "appActivity": "com.swaglabsmobileapp.SplashActivity",
    "appPackage": "com.swaglabsmobileapp",
    "platform": "LINUX",
    "webStorageEnabled": false,
    "takesScreenshot": true,
    "javascriptEnabled": true,
    "databaseEnabled": false,
    "networkConnectionEnabled": true,
    "locationContextEnabled": false,
    "warnings": {},
    "desired": {
      "platformName": "Android",
      "deviceName": "emulator-5554",
      "platformVersion": "14.0",
      "automationName": "UiAutomator2",
      "app": "/Users/muraligunnam/wdio-mobile-tests/apps/android/SauceLabs.apk",
      "appActivity": "com.swaglabsmobileapp.SplashActivity",
      "appPackage": "com.swaglabsmobileapp"
    },
    "deviceUDID": "emulator-5554",
    "pixelRatio": "2.75",
    "statBarHeight": 66,
    "viewportRect": {
      "left": 0,
      "top": 66,
      "width": 1080,
      "height": 2154
    },
    "deviceApiLevel": 34,
    "deviceManufacturer": "Google",
    "deviceModel": "sdk_gphone64_arm64",
    "deviceScreenSize": "1080x2220",
    "deviceScreenDensity": 440,
    "sessionId": "4a9b8e4c-7079-4dc6-8fb7-535745d143cd"
  },
  "host": "127.0.0.1",
  "port": 4723,
  "framework": "cucumber",
  "mochaOpts": {
    "timeout": 10000
  },
  "duration": 9554,
  "suites": [
    {
      "title": "As a user, I can log into the app",
      "duration": 9148,
      "start": "2024-06-03T17:29:43.282Z",
      "end": "2024-06-03T17:29:52.430Z",
      "tests": [
        {
          "title": "Given I enter standard_user and secret_sauce",
          "start": "2024-06-03T17:29:43.282Z",
          "end": "2024-06-03T17:29:48.794Z",
          "duration": 5512,
          "state": "passed",
          "screenshots": []
        },
        {
          "title": "When I click on login button",
          "start": "2024-06-03T17:29:48.794Z",
          "end": "2024-06-03T17:29:51.122Z",
          "duration": 2328,
          "state": "passed",
          "screenshots": []
        },
        {
          "title": "Then I should see the PRODUCTS label",
          "start": "2024-06-03T17:29:51.122Z",
          "end": "2024-06-03T17:29:52.428Z",
          "duration": 1306,
          "state": "passed",
          "screenshots": []
        }
      ],
      "hooks": [
        {
          "start": "2024-06-03T17:29:43.282Z",
          "end": "2024-06-03T17:29:43.282Z",
          "duration": 0,
          "title": "",
          "associatedSuite": "0"
        },
        {
          "start": "2024-06-03T17:29:52.428Z",
          "end": "2024-06-03T17:29:52.429Z",
          "duration": 1,
          "title": "",
          "associatedSuite": "0"
        }
      ]
    },
    {
      "title": "Validate swaglab app login",
      "duration": 9154,
      "start": "2024-06-03T17:29:43.276Z",
      "end": "2024-06-03T17:29:52.430Z",
      "tests": [],
      "hooks": []
    }
  ],
  "specs": [
    "file:///Users/muraligunnam/wdio-mobile-tests/features/login.feature"
  ],
  "state": {
    "passed": 3,
    "failed": 0,
    "skipped": 0
  }
}